"Severity","ThreadID","Date","Time","Application","Message"
"ERROR","main","12/10/2019","20:56:49","","OSGi;E:\devStuff\WebDev\coldfusion\lucee\lucee-server\context\lib\zip4j-2.1.2.jar is not a valid bundle!;org.osgi.framework.BundleException: E:\devStuff\WebDev\coldfusion\lucee\lucee-server\context\lib\zip4j-2.1.2.jar is not a valid bundle!
	at lucee.runtime.osgi.OSGiUtil.installBundle(OSGiUtil.java:109)
	at lucee.runtime.config.ConfigWebUtil.loadLib(ConfigWebUtil.java:200)
	at lucee.runtime.config.XMLConfigWebFactory.load(XMLConfigWebFactory.java:444)
	at lucee.runtime.config.XMLConfigServerFactory.load(XMLConfigServerFactory.java:170)
	at lucee.runtime.config.XMLConfigServerFactory.reloadInstance(XMLConfigServerFactory.java:148)
	at lucee.runtime.config.XMLConfigAdmin._reload(XMLConfigAdmin.java:318)
	at lucee.runtime.config.XMLConfigAdmin._storeAndReload(XMLConfigAdmin.java:298)
	at lucee.runtime.config.XMLConfigAdmin.updateRHExtension(XMLConfigAdmin.java:4945)
	at lucee.runtime.config.XMLConfigAdmin.updateRHExtension(XMLConfigAdmin.java:4564)
	at lucee.runtime.config.XMLConfigAdmin._updateRHExtension(XMLConfigAdmin.java:4546)
	at lucee.runtime.config.DeployHandler.deployExtension(DeployHandler.java:193)
	at lucee.runtime.config.DeployHandler.deployExtensions(DeployHandler.java:140)
	at lucee.runtime.engine.CFMLEngineImpl.<init>(CFMLEngineImpl.java:355)
	at lucee.runtime.engine.CFMLEngineImpl.getInstance(CFMLEngineImpl.java:661)
	at sun.reflect.NativeMethodAccessorImpl.invoke0(Native Method)
	at sun.reflect.NativeMethodAccessorImpl.invoke(NativeMethodAccessorImpl.java:62)
	at sun.reflect.DelegatingMethodAccessorImpl.invoke(DelegatingMethodAccessorImpl.java:43)
	at java.lang.reflect.Method.invoke(Method.java:498)
	at lucee.loader.engine.CFMLEngineFactory.getEngine(CFMLEngineFactory.java:1430)
	at lucee.loader.engine.CFMLEngineFactory._getCore(CFMLEngineFactory.java:546)
	at lucee.loader.engine.CFMLEngineFactory.initEngine(CFMLEngineFactory.java:358)
	at lucee.loader.engine.CFMLEngineFactory.initEngineIfNecessary(CFMLEngineFactory.java:261)
	at lucee.loader.engine.CFMLEngineFactory.getInstance(CFMLEngineFactory.java:167)
	at lucee.loader.engine.CFMLEngineFactory.getInstance(CFMLEngineFactory.java:201)
	at lucee.loader.servlet.LuceeServlet.init(LuceeServlet.java:42)
	at org.apache.catalina.core.StandardWrapper.initServlet(StandardWrapper.java:1124)
	at org.apache.catalina.core.StandardWrapper.loadServlet(StandardWrapper.java:1079)
	at org.apache.catalina.core.StandardWrapper.load(StandardWrapper.java:971)
	at org.apache.catalina.core.StandardContext.loadOnStartup(StandardContext.java:4829)
	at org.apache.catalina.core.StandardContext.startInternal(StandardContext.java:5143)
	at org.apache.catalina.util.LifecycleBase.start(LifecycleBase.java:183)
	at org.apache.catalina.core.ContainerBase.addChildInternal(ContainerBase.java:743)
	at org.apache.catalina.core.ContainerBase.addChild(ContainerBase.java:719)
	at org.apache.catalina.core.StandardHost.addChild(StandardHost.java:703)
	at org.apache.catalina.startup.HostConfig.deployDirectory(HostConfig.java:1141)
	at org.apache.catalina.startup.HostConfig$DeployDirectory.run(HostConfig.java:1876)
	at java.util.concurrent.Executors$RunnableAdapter.call(Executors.java:511)
	at java.util.concurrent.FutureTask.run(FutureTask.java:266)
	at org.apache.tomcat.util.threads.InlineExecutorService.execute(InlineExecutorService.java:75)
	at java.util.concurrent.AbstractExecutorService.submit(AbstractExecutorService.java:112)
	at org.apache.catalina.startup.HostConfig.deployDirectories(HostConfig.java:1053)
	at org.apache.catalina.startup.HostConfig.deployApps(HostConfig.java:428)
	at org.apache.catalina.startup.HostConfig.start(HostConfig.java:1585)
	at org.apache.catalina.startup.HostConfig.lifecycleEvent(HostConfig.java:308)
	at org.apache.catalina.util.LifecycleBase.fireLifecycleEvent(LifecycleBase.java:123)
	at org.apache.catalina.util.LifecycleBase.setStateInternal(LifecycleBase.java:424)
	at org.apache.catalina.util.LifecycleBase.setState(LifecycleBase.java:367)
	at org.apache.catalina.core.ContainerBase.startInternal(ContainerBase.java:969)
	at org.apache.catalina.core.StandardHost.startInternal(StandardHost.java:839)
	at org.apache.catalina.util.LifecycleBase.start(LifecycleBase.java:183)
	at org.apache.catalina.core.ContainerBase$StartChild.call(ContainerBase.java:1429)
	at org.apache.catalina.core.ContainerBase$StartChild.call(ContainerBase.java:1419)
	at java.util.concurrent.FutureTask.run(FutureTask.java:266)
	at org.apache.tomcat.util.threads.InlineExecutorService.execute(InlineExecutorService.java:75)
	at java.util.concurrent.AbstractExecutorService.submit(AbstractExecutorService.java:134)
	at org.apache.catalina.core.ContainerBase.startInternal(ContainerBase.java:944)
	at org.apache.catalina.core.StandardEngine.startInternal(StandardEngine.java:261)
	at org.apache.catalina.util.LifecycleBase.start(LifecycleBase.java:183)
	at org.apache.catalina.core.StandardService.startInternal(StandardService.java:422)
	at org.apache.catalina.util.LifecycleBase.start(LifecycleBase.java:183)
	at org.apache.catalina.core.StandardServer.startInternal(StandardServer.java:770)
	at org.apache.catalina.util.LifecycleBase.start(LifecycleBase.java:183)
	at org.apache.catalina.startup.Catalina.start(Catalina.java:682)
	at sun.reflect.NativeMethodAccessorImpl.invoke0(Native Method)
	at sun.reflect.NativeMethodAccessorImpl.invoke(NativeMethodAccessorImpl.java:62)
	at sun.reflect.DelegatingMethodAccessorImpl.invoke(DelegatingMethodAccessorImpl.java:43)
	at java.lang.reflect.Method.invoke(Method.java:498)
	at org.apache.catalina.startup.Bootstrap.start(Bootstrap.java:350)
	at org.apache.catalina.startup.Bootstrap.main(Bootstrap.java:492)
"
"ERROR","main","12/10/2019","20:56:49","","controller;can't create directory E:\devStuff\WebDev\coldfusion\lucee\webapps\ROOT\WEB-INF\lucee, directory already exists;java.io.IOException: can't create directory E:\devStuff\WebDev\coldfusion\lucee\webapps\ROOT\WEB-INF\lucee, directory already exists
	at lucee.commons.io.res.type.file.FileResource.createDirectory(FileResource.java:294)
	at lucee.runtime.engine.CFMLEngineImpl.getConfigDirectory(CFMLEngineImpl.java:933)
	at lucee.runtime.engine.CFMLEngineImpl.loadJSPFactory(CFMLEngineImpl.java:833)
	at lucee.runtime.engine.CFMLEngineImpl.addServletConfig(CFMLEngineImpl.java:711)
	at lucee.loader.engine.CFMLEngineWrapper.addServletConfig(CFMLEngineWrapper.java:87)
	at lucee.loader.engine.CFMLEngineFactory.getInstance(CFMLEngineFactory.java:168)
	at lucee.loader.engine.CFMLEngineFactory.getInstance(CFMLEngineFactory.java:201)
	at lucee.loader.servlet.LuceeServlet.init(LuceeServlet.java:42)
	at org.apache.catalina.core.StandardWrapper.initServlet(StandardWrapper.java:1124)
	at org.apache.catalina.core.StandardWrapper.loadServlet(StandardWrapper.java:1079)
	at org.apache.catalina.core.StandardWrapper.load(StandardWrapper.java:971)
	at org.apache.catalina.core.StandardContext.loadOnStartup(StandardContext.java:4829)
	at org.apache.catalina.core.StandardContext.startInternal(StandardContext.java:5143)
	at org.apache.catalina.util.LifecycleBase.start(LifecycleBase.java:183)
	at org.apache.catalina.core.ContainerBase.addChildInternal(ContainerBase.java:743)
	at org.apache.catalina.core.ContainerBase.addChild(ContainerBase.java:719)
	at org.apache.catalina.core.StandardHost.addChild(StandardHost.java:703)
	at org.apache.catalina.startup.HostConfig.deployDirectory(HostConfig.java:1141)
	at org.apache.catalina.startup.HostConfig$DeployDirectory.run(HostConfig.java:1876)
	at java.util.concurrent.Executors$RunnableAdapter.call(Executors.java:511)
	at java.util.concurrent.FutureTask.run(FutureTask.java:266)
	at org.apache.tomcat.util.threads.InlineExecutorService.execute(InlineExecutorService.java:75)
	at java.util.concurrent.AbstractExecutorService.submit(AbstractExecutorService.java:112)
	at org.apache.catalina.startup.HostConfig.deployDirectories(HostConfig.java:1053)
	at org.apache.catalina.startup.HostConfig.deployApps(HostConfig.java:428)
	at org.apache.catalina.startup.HostConfig.start(HostConfig.java:1585)
	at org.apache.catalina.startup.HostConfig.lifecycleEvent(HostConfig.java:308)
	at org.apache.catalina.util.LifecycleBase.fireLifecycleEvent(LifecycleBase.java:123)
	at org.apache.catalina.util.LifecycleBase.setStateInternal(LifecycleBase.java:424)
	at org.apache.catalina.util.LifecycleBase.setState(LifecycleBase.java:367)
	at org.apache.catalina.core.ContainerBase.startInternal(ContainerBase.java:969)
	at org.apache.catalina.core.StandardHost.startInternal(StandardHost.java:839)
	at org.apache.catalina.util.LifecycleBase.start(LifecycleBase.java:183)
	at org.apache.catalina.core.ContainerBase$StartChild.call(ContainerBase.java:1429)
	at org.apache.catalina.core.ContainerBase$StartChild.call(ContainerBase.java:1419)
	at java.util.concurrent.FutureTask.run(FutureTask.java:266)
	at org.apache.tomcat.util.threads.InlineExecutorService.execute(InlineExecutorService.java:75)
	at java.util.concurrent.AbstractExecutorService.submit(AbstractExecutorService.java:134)
	at org.apache.catalina.core.ContainerBase.startInternal(ContainerBase.java:944)
	at org.apache.catalina.core.StandardEngine.startInternal(StandardEngine.java:261)
	at org.apache.catalina.util.LifecycleBase.start(LifecycleBase.java:183)
	at org.apache.catalina.core.StandardService.startInternal(StandardService.java:422)
	at org.apache.catalina.util.LifecycleBase.start(LifecycleBase.java:183)
	at org.apache.catalina.core.StandardServer.startInternal(StandardServer.java:770)
	at org.apache.catalina.util.LifecycleBase.start(LifecycleBase.java:183)
	at org.apache.catalina.startup.Catalina.start(Catalina.java:682)
	at sun.reflect.NativeMethodAccessorImpl.invoke0(Native Method)
	at sun.reflect.NativeMethodAccessorImpl.invoke(NativeMethodAccessorImpl.java:62)
	at sun.reflect.DelegatingMethodAccessorImpl.invoke(DelegatingMethodAccessorImpl.java:43)
	at java.lang.reflect.Method.invoke(Method.java:498)
	at org.apache.catalina.startup.Bootstrap.start(Bootstrap.java:350)
	at org.apache.catalina.startup.Bootstrap.main(Bootstrap.java:492)
"
